C51 COMPILER V9.52.0.0   LCD1602                                                           08/24/2015 23:09:53 PAGE 1   


C51 COMPILER V9.52.0.0, COMPILATION OF MODULE LCD1602
OBJECT MODULE PLACED IN lcd1602.OBJ
COMPILER INVOKED BY: C:\Keil\C51\BIN\C51.EXE lcd1602.c LARGE BROWSE DEBUG OBJECTEXTEND

line level    source

   1          #include <myhead.h>
   2          
   3          void lcd_delay(int z)
   4          {
   5   1              int a,b;
   6   1              for(a=z;a>0;a--)
   7   1              for(b=110;b>0;b--);
   8   1      }
   9          
  10          void write_com_1602_morefree (unsigned char com)
  11          {
  12   1               
  13   1                lcdrs=0;
  14   1                lcdrw=0;
  15   1                P0=com;
  16   1                lcd_delay(5);
  17   1                lcden=1;
  18   1                lcd_delay(5);
  19   1                lcden=0;
  20   1      }
  21          void write_date_1602_morefree (unsigned char date)
  22          {
  23   1          
  24   1                lcdrs=1;
  25   1                lcdrw=0;
  26   1                P0=date;
  27   1                lcd_delay(5);
  28   1                lcden=1;
  29   1                lcd_delay(5);
  30   1                lcden=0;
  31   1      } 
  32          void init_1602_morefree()
  33          {
  34   1              lcdrw=0;
  35   1              lcden=0;
  36   1              lcdrw=0;
  37   1              write_com_1602_morefree(0x38);
  38   1              write_com_1602_morefree(0x0c);
  39   1              write_com_1602_morefree(0x06);
  40   1              write_com_1602_morefree(0x01);
  41   1      }
  42          
  43          void android_control_lcd1602()
  44          {
  45   1              int i = 0;
  46   1              write_com_1602_morefree(0x80);
  47   1          sprintf(tab1, "     Android     ");
  48   1              sprintf(tab2, "   Controlling          ");
  49   1              for(i=0;i<strlen("     Android     ");i++)
  50   1              {
  51   2                      write_date_1602_morefree(tab1[i]);
  52   2                      lcd_delay(50);
  53   2              }
  54   1                      
  55   1              write_com_1602_morefree(0x80+0x40);
C51 COMPILER V9.52.0.0   LCD1602                                                           08/24/2015 23:09:53 PAGE 2   

  56   1              for(i=0;i<strlen("   Controlling          ");i++)
  57   1              {
  58   2                      write_date_1602_morefree(tab2[i]);
  59   2                      lcd_delay(50);
  60   2              }
  61   1      }
  62          
  63          void normal_lcd1602_show()
  64          {
  65   1              int i = 0;
  66   1              write_com_1602_morefree(0x80);
  67   1          sprintf(tab1, "  T = %d R = %d       ", TH, RH);
  68   1              sprintf(tab2, "   %s     ", ledstr2);
  69   1              
  70   1              for(i=0;i<strlen(tab1);i++)
  71   1              {
  72   2                      write_date_1602_morefree(tab1[i]);
  73   2                      lcd_delay(50);
  74   2              }
  75   1                      
  76   1              write_com_1602_morefree(0x80+0x40);
  77   1              for(i=0;i<strlen(tab2);i++)
  78   1              {
  79   2                      write_date_1602_morefree(tab2[i]);
  80   2                      lcd_delay(50);
  81   2              }
  82   1      }
  83          
  84          void welcome()
  85          {
  86   1              int i = 0;
  87   1              write_com_1602_morefree(0x80);
  88   1          sprintf(tab1, " NOC Innovation      ");
  89   1              sprintf(tab2, "   Starting...          ");
  90   1              for(i=0;i<strlen(tab1);i++)
  91   1              {
  92   2                      write_date_1602_morefree(tab1[i]);
  93   2                      lcd_delay(50);
  94   2              }
  95   1                      
  96   1              write_com_1602_morefree(0x80+0x40);
  97   1              for(i=0;i<strlen(tab2);i++)
  98   1              {
  99   2                      write_date_1602_morefree(tab2[i]);
 100   2                      lcd_delay(50);
 101   2              }
 102   1      }


MODULE INFORMATION:   STATIC OVERLAYABLE
   CODE SIZE        =    701    ----
   CONSTANT SIZE    =    124    ----
   XDATA SIZE       =   ----       6
   PDATA SIZE       =   ----    ----
   DATA SIZE        =   ----    ----
   IDATA SIZE       =   ----    ----
   BIT SIZE         =   ----    ----
END OF MODULE INFORMATION.


C51 COMPILATION COMPLETE.  0 WARNING(S),  0 ERROR(S)
