C51 COMPILER V9.52.0.0   MAIN                                                              08/19/2015 17:48:05 PAGE 1   


C51 COMPILER V9.52.0.0, COMPILATION OF MODULE MAIN
OBJECT MODULE PLACED IN main.OBJ
COMPILER INVOKED BY: C:\Keil\C51\BIN\C51.EXE main.c LARGE BROWSE DEBUG OBJECTEXTEND

line level    source

   1          #include <myhead.h>
   2          
   3          // int T  温度
   4          // int R 湿度  使用gettemperature();后可以打印出温湿度的值
   5          int recv_lock = 0;
   6          unsigned char flag1 = 0,flag2 = 0,temp1,temp2;
   7          char strbuf[50] = {0};
   8          int posi = 0;
   9          int temp_lock = 0;
  10          int card_id_posi = 0;
  11          char cardid[50] = {0};
  12          
  13          int temp_max = 100;
  14          int temp_min = -40;
  15          int light_max = 99999;
  16          int light_min = -1;
  17          int humi_max = 100;
  18          int humi_min = 0;
  19          
  20          int temp_max_flag = 0;
  21          int temp_min_flag = 0;
  22          
  23          int light_max_flag = 0;
  24          int light_min_flag = 0;
  25          
  26          int humi_max_flag = 0;
  27          int humi_min_flag = 0;
  28          
  29          int redlight_flag = 0;
  30          int sound_flag = 0;
  31          
  32          int steer_flag = 0;
  33          int card_flag = 0;
  34          char setcard_buf[50];
  35          int steer_degree = 0;
  36          
  37          int lock_2 = 0;
  38          int lock_3 = 0;
  39          int main()
  40          {       
  41   1              bpm = 0;
  42   1      
  43   1          system_init();
  44   1              
  45   1              sendstr("Programme starting...\n");
  46   1              
  47   1              while(1)
  48   1              {               
  49   2                      while(recv_lock != 1)
  50   2                      {
  51   3                              if(redlight_flag == 1)
  52   3                              {
  53   4                                      if(redlight == 1)
  54   4                                          bpm = 1;
  55   4                                      else
C51 COMPILER V9.52.0.0   MAIN                                                              08/19/2015 17:48:05 PAGE 2   

  56   4                                              bpm = 0;
  57   4                              }
  58   3                              
  59   3                              if(sound_key == 0 && sound_flag == 1)
  60   3                              {
  61   4                                      //sound_delay();
  62   4                                      if(sound_key == 0)
  63   4                                      {
  64   5                                              out1 = 0;
  65   5                                              sprintf(send_message, "out1 = 0\n");
  66   5                                              sendstr(send_message);
  67   5                                              sound_key = 1;
  68   5                                      }
  69   4                  }
  70   3                              
  71   3                              if(temp_min_flag == 1 && temp_min > (int)TH)
  72   3                              {
  73   4                                      out1 = 0;
  74   4                                      sprintf(send_message, "out1 = 0\n");
  75   4                                      sendstr(send_message);
  76   4                              }
  77   3                              
  78   3                              
  79   3                              if(temp_max_flag == 1 && (int)TH > temp_max)
  80   3                              {
  81   4                                      out1 = 1;
  82   4                                      sprintf(send_message, "out1 = 1\n");
  83   4                                      sendstr(send_message);
  84   4                              }
  85   3                              
  86   3                              if(flag2 == 1)
  87   3                              {
  88   4                                      sprintf(send_message, "card id = %s\n", cardid);
  89   4                                      sendstr(send_message);
  90   4                                      if(steer_flag == 1 && card_flag == 1 && 
  91   4                                              (strcmp(cardid, setcard_buf) == 0))
  92   4                                      {
  93   5                                              while(lock_2 == 1);
  94   5                                              lock_3 = 1;
  95   5                                              
  96   5                                              bpm = 1;
  97   5                                              stop_interrupt();
  98   5                                              pwm_value = turn(steer_degree);
  99   5                                              InitSteering();
 100   5                                              interrupt1_lock = 1;
 101   5                                              interrupt3_lock = 1;
 102   5                                              
 103   5                                              delay_ms_steering(1000);
 104   5                                              delay_ms_steering(1000);
 105   5                                              delay_ms_steering(500);
 106   5                                              StopSteering();
 107   5                                              start_interrupt();
 108   5                                              sendstr("OK\n");
 109   5                                              interrupt1_lock = 0;
 110   5                                              interrupt3_lock = 0;
 111   5                                              bpm = 0;
 112   5                                              
 113   5                                              lock_3 = 0;
 114   5                      }
 115   4                                      stop_interrupt();
 116   4                                      Delay500ms();
 117   4                                      Delay500ms();
C51 COMPILER V9.52.0.0   MAIN                                                              08/19/2015 17:48:05 PAGE 3   

 118   4                                      
 119   4                                      while(S2CON&S2RI)
 120   4                                      {
 121   5                                              S2CON&=~S2RI;
 122   5                                              temp2=S2BUF;
 123   5                                      }
 124   4                                      flag2 = 0;
 125   4                                      start_interrupt();
 126   4                                      
 127   4                              }
 128   3              }
 129   2                      handle_message();
 130   2                      recv_lock = 0;
 131   2                      
 132   2              }
 133   1      }
 134          
 135          void sound_delay(unsigned int z)
 136          {                                                                                                                                                                                          
 137   1          unsigned int i,j;
 138   1          for(i=z;i>0;i--)
 139   1              for(j=110;j>0;j--);
 140   1      } 
 141          
 142          
 143          
 144          /************串口1中断处理函数*********
 145          void Uart() interrupt 4 using 1
 146          {
 147              unsigned char recv_data;
 148                  if(RI == 1)
 149                  {
 150                      recv_data = SBUF;
 151                          RI = 0;
 152                  
 153                          if(recv_data != '*')
 154                          {
 155                                  strbuf[posi++] = recv_data;     
 156                          }
 157                          else
 158                          {
 159                                  temp_lock = 0;
 160                                  strbuf[posi] = '\0';
 161                              recv_lock = 1;
 162                                  posi = 0;
 163                                  //while(temp_lock == 0);
 164                                  //handle_message();
 165                          }
 166                  }
 167          
 168          }
 169          /*********** 串口2中断处理函数 *****
 170          void UART_2Interrupt(void) interrupt 8
 171          {
 172                  unsigned char recv_data;
 173                  unsigned char a;
 174                  
 175              if(S2CON&S2RI)
 176                  {
 177                          bmp = 1;
 178                          recv_data = S2BUF;
 179                          S2CON&=~S2RI;
C51 COMPILER V9.52.0.0   MAIN                                                              08/19/2015 17:48:05 PAGE 4   

 180                  
 181                          if(recv_data != 0x03)
 182                          {
 183                                  cardid[card_id_posi++] = recv_data;     
 184                          }
 185                          else
 186                          {
 187                                  cardid[card_id_posi++] = '\0';
 188                                  card_id_posi = 0;       
 189                                  flag2 = 1;
 190                          }
 191                  } 
 192          }
 193          
 194          void UART_2Interrupt(void) interrupt 8
 195          {
 196                  if(S2CON&S2RI)
 197                  {
 198                          S2CON&=~S2RI;
 199                          temp2=S2BUF;
 200                          if(temp2 == 0x02)
 201                          {
 202                                  card_id_posi = 0;
 203                                  
 204                  }
 205                          if(temp2 != 0x02 && temp2 != 0x03)
 206                          {
 207                                  cardid[card_id_posi++] = temp2;
 208                          }
 209                          if(temp2 == 0x03)
 210                          {
 211                                  flag2 = 1;
 212                                  cardid[card_id_posi - 2] = '\0';
 213                          }
 214                  } 
 215          }
 216          
 217          */


MODULE INFORMATION:   STATIC OVERLAYABLE
   CODE SIZE        =    552    ----
   CONSTANT SIZE    =     61    ----
   XDATA SIZE       =    200    ----
   PDATA SIZE       =   ----    ----
   DATA SIZE        =   ----    ----
   IDATA SIZE       =   ----    ----
   BIT SIZE         =   ----    ----
END OF MODULE INFORMATION.


C51 COMPILATION COMPLETE.  0 WARNING(S),  0 ERROR(S)
