C51 COMPILER V9.52.0.0   SYSTEM_INIT                                                       08/19/2015 17:48:05 PAGE 1   


C51 COMPILER V9.52.0.0, COMPILATION OF MODULE SYSTEM_INIT
OBJECT MODULE PLACED IN system_init.OBJ
COMPILER INVOKED BY: C:\Keil\C51\BIN\C51.EXE system_init.c LARGE BROWSE DEBUG OBJECTEXTEND

line level    source

   1          #include <myhead.h>
   2          unsigned short T_PCA0;     
   3          unsigned short T_PCA1;
   4          void system_init(void)
   5          {
   6   1      /*********************** 
   7   1              定时器T1波特率产生器    串口1   TxD/P3.1  RxD/P3.0
   8   1              *****************/
   9   1              TMOD=0x20;                      //设置定时器一为工作方式2
  10   1              TH1=0xfd;                       //设置波特率为9600
  11   1              TL1=0xfd;
  12   1              ledaa = 0;
  13   1              TR1=1;
  14   1              REN=1;
  15   1              SM0=0;
  16   1              SM1=1;
  17   1              EA=1;
  18   1              ES=1;   
  19   1              //TI = 1;            //允许使用printf
  20   1              PS = 1;
  21   1              
  22   1      /**************************
  23   1              独立波特率产生器     串口2      TxD2/P1.3   RxD2/P1.2
  24   1              ********************/
  25   1              
  26   1              S2CON=  0x50;                   //串口2工作在方式1  10位异步首发 S2REN = 1 允许接收     
  27   1              BRT = 0xfd;                             //设置波特率为9600
  28   1              AUXR =  AUXR |0X10;             //允许波特率发生器运行
  29   1              AUXR1 =  AUXR1 & 0xef;  //S2_P4=0,将uart2切换到P1口
  30   1              IE2  =  IE2 | 0X01;         //允许串口2中断
  31   1              
  32   1              IP2 = 0X00;
  33   1              IPH2 = 0X00;
  34   1              //PSPI = 0;
  35   1              
  36   1              //Delay100us();      
  37   1      }
  38          
  39          void stop_interrupt()
  40          {
  41   1          TR1 = 0;
  42   1              EA = 0;
  43   1              
  44   1              interrupt1_lock = 0;
  45   1              interrupt3_lock = 0;
  46   1      }
  47          
  48          void start_interrupt()
  49          {
  50   1          TMOD=0x20;                  //设置定时器一为工作方式2
  51   1              TH1=0xfd;                       //设置波特率为9600
  52   1              TL1=0xfd;
  53   1              TR1=1;
  54   1              REN=1;
  55   1              SM0=0;
C51 COMPILER V9.52.0.0   SYSTEM_INIT                                                       08/19/2015 17:48:05 PAGE 2   

  56   1              SM1=1;
  57   1              EA=1;
  58   1              ES=1;   
  59   1              
  60   1              S2CON = 0x50;                   //串口2工作在方式1  10位异步首发 S2REN = 1 允许接收     
  61   1              BRT = 0xfd;                             //设置波特率为9600
  62   1              AUXR = AUXR |0X10;              //允许波特率发生器运行
  63   1              AUXR1 = AUXR1 & 0xef;   //S2_P4=0,将uart2切换到P1口
  64   1              IE2 = IE2 | 0X01;           //允许串口2中断
  65   1              
  66   1              interrupt1_lock = 0;
  67   1              interrupt3_lock = 0;
  68   1              
  69   1              EA = 1;
  70   1              TR1 = 1;
  71   1              TR0 = 1;
  72   1              redlight = 1;
  73   1              
  74   1              //PCA_init();
  75   1      }
  76          
  77          void InitSteering(void)
  78          {
  79   1              TMOD=0x11;
  80   1              TH0=-20000/256;
  81   1              TL0=-20000%256;
  82   1              TH1=-1500/256;
  83   1              TL1=-1500%256;
  84   1              EA=1;
  85   1              TR0=1;
  86   1              ET0=1;
  87   1              TR1=1;
  88   1              ET1=1;
  89   1              
  90   1      }
  91          
  92          void StopSteering(void)
  93          {
  94   1              ET0 = 0;
  95   1              TR1 = 0;
  96   1              ET1 = 0;
  97   1      
  98   1              EA = 1;
  99   1      }
 100          
 101          void sendstr(char *str)
 102          {
 103   1              int i;
 104   1          int len = strlen(str);
 105   1              char *p = str;
 106   1              
 107   1              for(i = 0; i < len; i++)
 108   1              {
 109   2                      SBUF = *p;
 110   2                      while(!TI);        
 111   2                      TI = 0;  
 112   2                      p++;
 113   2              }
 114   1      }
 115          
 116          void PCA_init()
 117          {
C51 COMPILER V9.52.0.0   SYSTEM_INIT                                                       08/19/2015 17:48:05 PAGE 3   

 118   1          CCON = 0;               //Initial PCA control register
 119   1                                  //PCA timer stop running
 120   1                                  //Clear CF flag
 121   1                                  //Clear all module interrupt flag
 122   1          CL = 0;                 //Reset PCA base timer
 123   1          CH = 0;
 124   1          CMOD = 0x00;
 125   1          T_PCA0 = 46080;      //定时器50ms,11.0592MHZ晶振，T_Value=46080.要两秒需循环
 126   1          CCAP0L = T_PCA0;
 127   1          CCAP0H = T_PCA0 >> 8;   //Initial PCA module-0
 128   1          T_PCA0 += 46080;        //PCA module-0 work in 16-bit timer mode
 129   1          CCAPM0 = 0x49;                     //and enable PCA interrupt            //Set PCA timer clock source 
             -as Fosc/12
 130   1              CR = 1;                 //PCA timer start run
 131   1          EA = 1;                                     //?PCA??          
 132   1      }


MODULE INFORMATION:   STATIC OVERLAYABLE
   CODE SIZE        =    297    ----
   CONSTANT SIZE    =   ----    ----
   XDATA SIZE       =      4       5
   PDATA SIZE       =   ----    ----
   DATA SIZE        =   ----    ----
   IDATA SIZE       =   ----    ----
   BIT SIZE         =   ----    ----
END OF MODULE INFORMATION.


C51 COMPILATION COMPLETE.  0 WARNING(S),  0 ERROR(S)
